TN:
SF:src\utils\authEvents.js
FN:14,dispatchAuthChanged
FNF:1
FNH:1
FNDA:6,dispatchAuthChanged
DA:1,1
DA:2,1
DA:3,1
DA:4,1
DA:5,1
DA:6,1
DA:7,1
DA:9,1
DA:10,1
DA:11,1
DA:12,1
DA:13,1
DA:14,1
DA:15,6
DA:16,6
DA:17,5
DA:18,6
DA:19,0
DA:20,0
DA:21,6
LF:20
LH:18
BRDA:14,0,0,6
BRDA:16,1,0,5
BRDA:16,2,0,1
BRDA:18,3,0,0
BRF:4
BRH:3
end_of_record
TN:
SF:src\utils\errorHandler.js
FN:6,getErrorMessage
FN:37,handleApiError
FNF:2
FNH:2
FNDA:13,getErrorMessage
FNDA:3,handleApiError
DA:1,1
DA:2,1
DA:3,1
DA:4,1
DA:5,1
DA:6,1
DA:7,13
DA:8,13
DA:9,4
DA:10,4
DA:11,1
DA:12,1
DA:13,3
DA:14,3
DA:15,3
DA:16,3
DA:17,3
DA:18,3
DA:19,3
DA:20,3
DA:21,1
DA:22,1
DA:23,3
DA:24,4
DA:25,11
DA:26,11
DA:27,13
DA:28,13
DA:29,1
DA:30,1
DA:31,1
DA:32,1
DA:33,1
DA:34,1
DA:35,1
DA:36,1
DA:37,1
DA:38,3
DA:39,3
DA:40,1
DA:41,1
DA:42,2
DA:43,3
DA:44,1
DA:45,1
DA:46,1
DA:47,1
DA:48,1
LF:48
LH:48
BRDA:6,0,0,13
BRDA:8,1,0,12
BRDA:8,2,0,4
BRDA:10,3,0,2
BRDA:10,4,0,1
BRDA:12,5,0,3
BRDA:20,6,0,1
BRDA:24,7,0,11
BRDA:27,8,0,10
BRDA:27,9,0,10
BRDA:27,10,0,9
BRDA:27,11,0,9
BRDA:27,12,0,8
BRDA:27,13,0,3
BRDA:18,14,0,4
BRDA:18,15,0,3
BRDA:37,16,0,3
BRDA:39,17,0,1
BRDA:39,18,0,1
BRDA:41,19,0,2
BRDA:43,20,0,1
BRF:21
BRH:21
end_of_record
TN:
SF:src\utils\formatCurrency.js
FN:5,formatInr
FN:21,formatHours
FNF:2
FNH:2
FNDA:5,formatInr
FNDA:5,formatHours
DA:1,1
DA:2,1
DA:3,1
DA:4,1
DA:5,1
DA:6,5
DA:7,4
DA:8,4
DA:9,1
DA:10,1
DA:11,1
DA:12,1
DA:13,1
DA:14,1
DA:15,1
DA:16,5
DA:17,0
DA:18,0
DA:19,5
DA:21,1
DA:22,5
DA:23,5
DA:24,5
DA:25,2
DA:26,2
DA:27,5
DA:28,5
LF:27
LH:25
BRDA:5,0,0,5
BRDA:6,1,0,3
BRDA:6,2,0,2
BRDA:6,3,0,4
BRDA:8,4,0,1
BRDA:16,5,0,0
BRDA:21,6,0,5
BRDA:23,7,0,4
BRDA:23,8,0,2
BRDA:23,9,0,3
BRDA:24,10,0,1
BRDA:24,11,0,2
BRDA:27,12,0,1
BRDA:27,13,0,1
BRF:14
BRH:13
end_of_record
TN:
SF:src\utils\indianStatesCities.js
FNF:0
FNH:0
DA:1,1
DA:2,1
DA:3,1
DA:4,1
DA:5,1
DA:6,1
DA:7,1
DA:8,1
DA:9,1
DA:10,1
DA:11,1
DA:12,1
DA:13,1
DA:14,1
DA:15,1
DA:16,1
DA:17,1
DA:18,1
DA:19,1
DA:20,1
DA:21,1
DA:22,1
DA:23,1
DA:24,1
DA:25,1
DA:26,1
DA:27,1
DA:28,1
DA:29,1
DA:30,1
DA:31,1
DA:32,1
DA:33,1
DA:34,1
DA:35,1
DA:36,1
DA:37,1
DA:38,1
DA:39,1
DA:40,1
DA:41,1
DA:42,1
DA:43,1
DA:44,1
DA:45,1
DA:46,1
DA:47,1
DA:48,1
DA:49,1
DA:50,1
DA:51,1
DA:52,1
DA:53,1
DA:54,1
DA:55,1
DA:56,1
DA:57,1
DA:58,1
DA:59,1
DA:60,1
DA:61,1
DA:62,1
DA:63,1
DA:64,1
DA:65,1
DA:66,1
DA:67,1
DA:68,1
DA:69,1
DA:70,1
DA:71,1
DA:72,1
DA:73,1
DA:74,1
DA:75,1
DA:76,1
DA:77,1
DA:78,1
DA:79,1
DA:80,1
DA:81,1
DA:82,1
DA:83,1
DA:84,1
DA:85,1
DA:86,1
DA:87,1
DA:88,1
DA:89,1
DA:90,1
DA:91,1
DA:92,1
DA:93,1
DA:94,1
DA:95,1
DA:96,1
DA:97,1
DA:98,1
DA:99,1
DA:100,1
DA:101,1
DA:102,1
DA:103,1
DA:104,1
DA:105,1
DA:106,1
DA:107,1
DA:108,1
DA:109,1
DA:110,1
DA:111,1
DA:112,1
DA:113,1
DA:114,1
DA:115,1
DA:116,1
DA:117,1
LF:117
LH:117
BRF:0
BRH:0
end_of_record
TN:
SF:src\utils\notificationHelpers.js
FN:6,parseNotificationData
FN:16,isOverstayNotification
FN:25,isSessionEndingNotification
FN:30,isBookingActionNotification
FN:34,timeAgo
FN:62,iconForType
FN:66,colorForType
FNF:7
FNH:7
FNDA:5,parseNotificationData
FNDA:9,isOverstayNotification
FNDA:5,isSessionEndingNotification
FNDA:4,isBookingActionNotification
FNDA:4,timeAgo
FNDA:2,iconForType
FNDA:2,colorForType
DA:1,1
DA:2,1
DA:3,1
DA:5,1
DA:6,1
DA:7,5
DA:8,5
DA:9,2
DA:10,2
DA:11,5
DA:12,1
DA:13,1
DA:14,5
DA:16,1
DA:17,9
DA:18,9
DA:19,9
DA:20,9
DA:21,6
DA:22,9
DA:23,9
DA:25,1
DA:26,5
DA:27,5
DA:28,5
DA:30,1
DA:31,4
DA:32,4
DA:34,1
DA:35,4
DA:36,4
DA:37,4
DA:38,4
DA:39,1
DA:40,1
DA:42,1
DA:43,1
DA:44,1
DA:45,1
DA:46,1
DA:47,1
DA:48,1
DA:49,1
DA:50,1
DA:52,1
DA:53,1
DA:54,1
DA:55,1
DA:56,1
DA:57,1
DA:58,1
DA:59,1
DA:60,1
DA:62,1
DA:63,2
DA:64,2
DA:66,1
DA:67,2
DA:68,2
LF:59
LH:59
BRDA:6,0,0,5
BRDA:7,1,0,2
BRDA:7,2,0,3
BRDA:8,3,0,1
BRDA:8,4,0,2
BRDA:11,5,0,1
BRDA:16,6,0,9
BRDA:17,7,0,8
BRDA:17,8,0,2
BRDA:19,9,0,7
BRDA:20,10,0,6
BRDA:25,11,0,5
BRDA:26,12,0,2
BRDA:30,13,0,4
BRDA:31,14,0,3
BRDA:34,15,0,4
BRDA:36,16,0,1
BRDA:36,17,0,3
BRDA:37,18,0,1
BRDA:37,19,0,2
BRDA:38,20,0,1
BRDA:62,21,0,2
BRDA:63,22,0,1
BRDA:66,23,0,2
BRDA:67,24,0,1
BRF:25
BRH:25
end_of_record
TN:
SF:src\utils\safeReturnUrl.js
FN:7,safeReturnUrl
FNF:1
FNH:1
FNDA:100,safeReturnUrl
DA:1,1
DA:2,1
DA:3,1
DA:4,1
DA:5,1
DA:6,1
DA:7,1
DA:8,100
DA:9,100
DA:10,26
DA:11,26
LF:11
LH:11
BRDA:7,0,0,100
BRDA:8,1,0,53
BRDA:8,2,0,48
BRDA:8,3,0,52
BRDA:9,4,0,27
BRDA:9,5,0,26
BRF:6
BRH:6
end_of_record
